# JRE version: Java(TM) SE Runtime Environment (7.0_80-b15) (build 1.7.0_80-b15)
# Java VM: Java HotSpot(TM) 64-Bit Server VM (24.80-b11 mixed mode linux-amd64 compressed oops)
Heap
 PSYoungGen      total 302080K, used 3273K [0x00000000eaa80000, 0x0000000100000000, 0x0000000100000000)
  eden space 256000K, 0% used [0x00000000eaa80000,0x00000000eaa80000,0x00000000fa480000)
  from space 46080K, 7% used [0x00000000fa480000,0x00000000fa7b27d8,0x00000000fd180000)
  to   space 43520K, 0% used [0x00000000fd580000,0x00000000fd580000,0x0000000100000000)
 ParOldGen       total 699392K, used 97587K [0x00000000bff80000, 0x00000000eaa80000, 0x00000000eaa80000)
  object space 699392K, 13% used [0x00000000bff80000,0x00000000c5eccf68,0x00000000eaa80000)
 PSPermGen       total 108544K, used 85929K [0x00000000aff80000, 0x00000000b6980000, 0x00000000bff80000)
  object space 108544K, 79% used [0x00000000aff80000,0x00000000b536a5a8,0x00000000b6980000)
GC Heap History (10 events):
Event: 21296.236 GC heap after
Heap after GC invocations=43 (full 18):
 PSYoungGen      total 295936K, used 8397K [0x00000000eaa80000, 0x0000000100000000, 0x0000000100000000)
  eden space 244224K, 0% used [0x00000000eaa80000,0x00000000eaa80000,0x00000000f9900000)
  from space 51712K, 16% used [0x00000000f9900000,0x00000000fa1336c0,0x00000000fcb80000)
  to   space 47616K, 0% used [0x00000000fd180000,0x00000000fd180000,0x0000000100000000)
 ParOldGen       total 699392K, used 97551K [0x00000000bff80000, 0x00000000eaa80000, 0x00000000eaa80000)
  object space 699392K, 13% used [0x00000000bff80000,0x00000000c5ec3f98,0x00000000eaa80000)
 PSPermGen       total 115200K, used 87043K [0x00000000aff80000, 0x00000000b7000000, 0x00000000bff80000)
  object space 115200K, 75% used [0x00000000aff80000,0x00000000b5480ec8,0x00000000b7000000)
}
Event: 21296.236 GC heap before
{Heap before GC invocations=44 (full 19):
 PSYoungGen      total 295936K, used 8397K [0x00000000eaa80000, 0x0000000100000000, 0x0000000100000000)
  eden space 244224K, 0% used [0x00000000eaa80000,0x00000000eaa80000,0x00000000f9900000)
  from space 51712K, 16% used [0x00000000f9900000,0x00000000fa1336c0,0x00000000fcb80000)
  to   space 47616K, 0% used [0x00000000fd180000,0x00000000fd180000,0x0000000100000000)
 ParOldGen       total 699392K, used 97551K [0x00000000bff80000, 0x00000000eaa80000, 0x00000000eaa80000)
  object space 699392K, 13% used [0x00000000bff80000,0x00000000c5ec3f98,0x00000000eaa80000)
 PSPermGen       total 115200K, used 87043K [0x00000000aff80000, 0x00000000b7000000, 0x00000000bff80000)
  object space 115200K, 75% used [0x00000000aff80000,0x00000000b5480ec8,0x00000000b7000000)
Event: 21297.062 GC heap after
Heap after GC invocations=44 (full 19):
 PSYoungGen      total 295936K, used 0K [0x00000000eaa80000, 0x0000000100000000, 0x0000000100000000)
  eden space 244224K, 0% used [0x00000000eaa80000,0x00000000eaa80000,0x00000000f9900000)
  from space 51712K, 0% used [0x00000000f9900000,0x00000000f9900000,0x00000000fcb80000)
  to   space 47616K, 0% used [0x00000000fd180000,0x00000000fd180000,0x0000000100000000)
 ParOldGen       total 699392K, used 100543K [0x00000000bff80000, 0x00000000eaa80000, 0x00000000eaa80000)
  object space 699392K, 14% used [0x00000000bff80000,0x00000000c61afe88,0x00000000eaa80000)
 PSPermGen       total 111104K, used 84223K [0x00000000aff80000, 0x00000000b6c00000, 0x00000000bff80000)
  object space 111104K, 75% used [0x00000000aff80000,0x00000000b51bfe88,0x00000000b6c00000)
}
Event: 21297.065 GC heap before
{Heap before GC invocations=45 (full 19):
 PSYoungGen      total 295936K, used 1539K [0x00000000eaa80000, 0x0000000100000000, 0x0000000100000000)
  eden space 244224K, 0% used [0x00000000eaa80000,0x00000000eac00c20,0x00000000f9900000)
  from space 51712K, 0% used [0x00000000f9900000,0x00000000f9900000,0x00000000fcb80000)
  to   space 47616K, 0% used [0x00000000fd180000,0x00000000fd180000,0x0000000100000000)
 ParOldGen       total 699392K, used 100543K [0x00000000bff80000, 0x00000000eaa80000, 0x00000000eaa80000)
  object space 699392K, 14% used [0x00000000bff80000,0x00000000c61afe88,0x00000000eaa80000)
 PSPermGen       total 111104K, used 84223K [0x00000000aff80000, 0x00000000b6c00000, 0x00000000bff80000)
  object space 111104K, 75% used [0x00000000aff80000,0x00000000b51bfe88,0x00000000b6c00000)
Event: 21297.069 GC heap after
Heap after GC invocations=45 (full 19):
 PSYoungGen      total 303616K, used 0K [0x00000000eaa80000, 0x0000000100000000, 0x0000000100000000)
  eden space 256000K, 0% used [0x00000000eaa80000,0x00000000eaa80000,0x00000000fa480000)
  from space 47616K, 0% used [0x00000000fd180000,0x00000000fd180000,0x0000000100000000)
  to   space 46080K, 0% used [0x00000000fa480000,0x00000000fa480000,0x00000000fd180000)
 ParOldGen       total 699392K, used 100543K [0x00000000bff80000, 0x00000000eaa80000, 0x00000000eaa80000)
  object space 699392K, 14% used [0x00000000bff80000,0x00000000c61afe88,0x00000000eaa80000)
 PSPermGen       total 111104K, used 84223K [0x00000000aff80000, 0x00000000b6c00000, 0x00000000bff80000)
  object space 111104K, 75% used [0x00000000aff80000,0x00000000b51bfe88,0x00000000b6c00000)
}
Event: 21297.069 GC heap before
{Heap before GC invocations=46 (full 20):
 PSYoungGen      total 303616K, used 0K [0x00000000eaa80000, 0x0000000100000000, 0x0000000100000000)
  eden space 256000K, 0% used [0x00000000eaa80000,0x00000000eaa80000,0x00000000fa480000)
  from space 47616K, 0% used [0x00000000fd180000,0x00000000fd180000,0x0000000100000000)
  to   space 46080K, 0% used [0x00000000fa480000,0x00000000fa480000,0x00000000fd180000)
 ParOldGen       total 699392K, used 100543K [0x00000000bff80000, 0x00000000eaa80000, 0x00000000eaa80000)
  object space 699392K, 14% used [0x00000000bff80000,0x00000000c61afe88,0x00000000eaa80000)
 PSPermGen       total 111104K, used 84223K [0x00000000aff80000, 0x00000000b6c00000, 0x00000000bff80000)
  object space 111104K, 75% used [0x00000000aff80000,0x00000000b51bfe88,0x00000000b6c00000)
Event: 21297.409 GC heap after
Heap after GC invocations=46 (full 20):
 PSYoungGen      total 303616K, used 0K [0x00000000eaa80000, 0x0000000100000000, 0x0000000100000000)
  eden space 256000K, 0% used [0x00000000eaa80000,0x00000000eaa80000,0x00000000fa480000)
  from space 47616K, 0% used [0x00000000fd180000,0x00000000fd180000,0x0000000100000000)
  to   space 46080K, 0% used [0x00000000fa480000,0x00000000fa480000,0x00000000fd180000)
 ParOldGen       total 699392K, used 97587K [0x00000000bff80000, 0x00000000eaa80000, 0x00000000eaa80000)
  object space 699392K, 13% used [0x00000000bff80000,0x00000000c5eccf68,0x00000000eaa80000)
 PSPermGen       total 108544K, used 84223K [0x00000000aff80000, 0x00000000b6980000, 0x00000000bff80000)
  object space 108544K, 77% used [0x00000000aff80000,0x00000000b51bfe88,0x00000000b6980000)
}
Event: 88450.630 GC heap before
{Heap before GC invocations=47 (full 20):
 PSYoungGen      total 303616K, used 76415K [0x00000000eaa80000, 0x0000000100000000, 0x0000000100000000)
  eden space 256000K, 29% used [0x00000000eaa80000,0x00000000ef51fdc8,0x00000000fa480000)
  from space 47616K, 0% used [0x00000000fd180000,0x00000000fd180000,0x0000000100000000)
  to   space 46080K, 0% used [0x00000000fa480000,0x00000000fa480000,0x00000000fd180000)
 ParOldGen       total 699392K, used 97587K [0x00000000bff80000, 0x00000000eaa80000, 0x00000000eaa80000)
  object space 699392K, 13% used [0x00000000bff80000,0x00000000c5eccf68,0x00000000eaa80000)
 PSPermGen       total 108544K, used 85929K [0x00000000aff80000, 0x00000000b6980000, 0x00000000bff80000)
  object space 108544K, 79% used [0x00000000aff80000,0x00000000b536a5a8,0x00000000b6980000)
Event: 88455.606 GC heap after
Heap after GC invocations=47 (full 20):
 PSYoungGen      total 302080K, used 3273K [0x00000000eaa80000, 0x0000000100000000, 0x0000000100000000)
  eden space 256000K, 0% used [0x00000000eaa80000,0x00000000eaa80000,0x00000000fa480000)
  from space 46080K, 7% used [0x00000000fa480000,0x00000000fa7b27d8,0x00000000fd180000)
  to   space 43520K, 0% used [0x00000000fd580000,0x00000000fd580000,0x0000000100000000)
 ParOldGen       total 699392K, used 97587K [0x00000000bff80000, 0x00000000eaa80000, 0x00000000eaa80000)
  object space 699392K, 13% used [0x00000000bff80000,0x00000000c5eccf68,0x00000000eaa80000)
 PSPermGen       total 108544K, used 85929K [0x00000000aff80000, 0x00000000b6980000, 0x00000000bff80000)
  object space 108544K, 79% used [0x00000000aff80000,0x00000000b536a5a8,0x00000000b6980000)
}
Event: 88455.606 GC heap before
{Heap before GC invocations=48 (full 21):
 PSYoungGen      total 302080K, used 3273K [0x00000000eaa80000, 0x0000000100000000, 0x0000000100000000)
  eden space 256000K, 0% used [0x00000000eaa80000,0x00000000eaa80000,0x00000000fa480000)
  from space 46080K, 7% used [0x00000000fa480000,0x00000000fa7b27d8,0x00000000fd180000)
  to   space 43520K, 0% used [0x00000000fd580000,0x00000000fd580000,0x0000000100000000)
 ParOldGen       total 699392K, used 97587K [0x00000000bff80000, 0x00000000eaa80000, 0x00000000eaa80000)
  object space 699392K, 13% used [0x00000000bff80000,0x00000000c5eccf68,0x00000000eaa80000)
 PSPermGen       total 108544K, used 85929K [0x00000000aff80000, 0x00000000b6980000, 0x00000000bff80000)
  object space 108544K, 79% used [0x00000000aff80000,0x00000000b536a5a8,0x00000000b6980000)

